app/build/outputs/logs/manifest-merger-debug-report.txt
-- Merging decision tree log ---
manifest
ADDED from src\main\AndroidManifest.xml:2:1-371:12
INJECTED from src\main\AndroidManifest.xml:2:1-371:12
INJECTED from src\main\AndroidManifest.xml:2:1-371:12
INJECTED from src\main\AndroidManifest.xml:2:1-371:12
MERGED from [com.simplemobiletools:commons:4.1.4] AndroidManifest.xml:2:1-22:12
MERGED from [com.facebook.stetho:stetho:1.5.0] AndroidManifest.xml:2:1-13:12
MERGED from [com.android.support.constraint:constraint-layout:1.1.0] AndroidManifest.xml:2:1-11:12
MERGED from [com.shawnlin:number-picker:2.4.6] AndroidManifest.xml:2:1-11:12
MERGED from [com.android.support:design:27.1.1] AndroidManifest.xml:17:1-22:12
MERGED from [com.andrognito.patternlockview:patternlockview:1.0.0] AndroidManifest.xml:2:1-12:12
MERGED from [com.bignerdranch.android:recyclerview-multiselect:0.2] AndroidManifest.xml:2:1-11:12
MERGED from [com.android.support:appcompat-v7:27.1.1] AndroidManifest.xml:17:1-22:12
MERGED from [com.github.ajalt.reprint:core:3.2.1] AndroidManifest.xml:2:1-11:12
MERGED from [com.github.bumptech.glide:glide:4.7.1] AndroidManifest.xml:2:1-13:12
MERGED from [com.booking:rtlviewpager:1.0.1] AndroidManifest.xml:2:1-12:12
MERGED from [com.android.support:support-v4:27.1.1] AndroidManifest.xml:17:1-22:12
MERGED from [com.android.support:recyclerview-v7:27.1.1] AndroidManifest.xml:17:1-22:12
MERGED from [com.android.support:transition:27.1.1] AndroidManifest.xml:17:1-22:12
MERGED from [com.github.bumptech.glide:gifdecoder:4.7.1] AndroidManifest.xml:2:1-11:12
MERGED from [com.android.support:support-fragment:27.1.1] AndroidManifest.xml:17:1-22:12
MERGED from [com.android.support:animated-vector-drawable:27.1.1] AndroidManifest.xml:17:1-22:12
MERGED from [com.android.support:support-core-ui:27.1.1] AndroidManifest.xml:17:1-22:12
MERGED from [com.android.support:support-core-utils:27.1.1] AndroidManifest.xml:17:1-22:12
MERGED from [com.android.support:support-vector-drawable:27.1.1] AndroidManifest.xml:17:1-22:12
MERGED from [com.android.support:support-media-compat:27.1.1] AndroidManifest.xml:17:1-22:12
MERGED from [com.android.support:support-compat:27.1.1] AndroidManifest.xml:17:1-22:12
MERGED from [android.arch.lifecycle:livedata-core:1.1.0] AndroidManifest.xml:17:1-22:12
MERGED from [android.arch.lifecycle:viewmodel:1.1.0] AndroidManifest.xml:17:1-22:12
MERGED from [android.arch.lifecycle:runtime:1.1.0] AndroidManifest.xml:17:1-22:12
MERGED from [android.arch.core:runtime:1.1.0] AndroidManifest.xml:17:1-22:12
INJECTED from src\main\AndroidManifest.xml:2:1-371:12
INJECTED from src\main\AndroidManifest.xml:2:1-371:12
INJECTED from src\main\AndroidManifest.xml:2:1-371:12
	package
		ADDED from src\main\AndroidManifest.xml:5:5-42
		INJECTED from src\main\AndroidManifest.xml
		INJECTED from src\main\AndroidManifest.xml
	android:versionName
		INJECTED from src\main\AndroidManifest.xml
		ADDED from src\main\AndroidManifest.xml:2:1-371:12
		INJECTED from src\main\AndroidManifest.xml
	xmlns:tools
		ADDED from src\main\AndroidManifest.xml:4:5-51
	android:versionCode
		INJECTED from src\main\AndroidManifest.xml
		ADDED from src\main\AndroidManifest.xml:2:1-371:12
		INJECTED from src\main\AndroidManifest.xml
	xmlns:android
		ADDED from src\main\AndroidManifest.xml:3:5-63
uses-permission#com.android.alarm.permission.SET_ALARM
ADDED from src\main\AndroidManifest.xml:7:5-77
	android:name
		ADDED from src\main\AndroidManifest.xml:7:22-75
uses-permission#android.permission.VIBRATE
ADDED from src\main\AndroidManifest.xml:8:5-65
	android:name
		ADDED from src\main\AndroidManifest.xml:8:22-63
uses-permission#android.permission.RECEIVE_BOOT_COMPLETED
ADDED from src\main\AndroidManifest.xml:9:5-80
	android:name
		ADDED from src\main\AndroidManifest.xml:9:22-78
uses-permission#android.permission.READ_EXTERNAL_STORAGE
ADDED from src\main\AndroidManifest.xml:10:5-79
	android:name
		ADDED from src\main\AndroidManifest.xml:10:22-77
uses-permission#android.permission.USE_FINGERPRINT
ADDED from src\main\AndroidManifest.xml:12:5-14:30
REJECTED from [com.github.ajalt.reprint:core:3.2.1] AndroidManifest.xml:9:5-74
	tools:node
		ADDED from src\main\AndroidManifest.xml:14:9-28
	android:name
		ADDED from src\main\AndroidManifest.xml:13:9-58
application
ADDED from src\main\AndroidManifest.xml:16:5-370:19
MERGED from [com.simplemobiletools:commons:4.1.4] AndroidManifest.xml:11:5-20:19
MERGED from [com.simplemobiletools:commons:4.1.4] AndroidManifest.xml:11:5-20:19
MERGED from [com.facebook.stetho:stetho:1.5.0] AndroidManifest.xml:11:5-20
MERGED from [com.facebook.stetho:stetho:1.5.0] AndroidManifest.xml:11:5-20
MERGED from [com.android.support.constraint:constraint-layout:1.1.0] AndroidManifest.xml:9:5-20
MERGED from [com.android.support.constraint:constraint-layout:1.1.0] AndroidManifest.xml:9:5-20
MERGED from [com.bignerdranch.android:recyclerview-multiselect:0.2] AndroidManifest.xml:9:5-20
MERGED from [com.bignerdranch.android:recyclerview-multiselect:0.2] AndroidManifest.xml:9:5-20
MERGED from [com.github.bumptech.glide:glide:4.7.1] AndroidManifest.xml:11:5-20
MERGED from [com.github.bumptech.glide:glide:4.7.1] AndroidManifest.xml:11:5-20
MERGED from [com.github.bumptech.glide:gifdecoder:4.7.1] AndroidManifest.xml:9:5-20
MERGED from [com.github.bumptech.glide:gifdecoder:4.7.1] AndroidManifest.xml:9:5-20
	android:label
		ADDED from src\main\AndroidManifest.xml:20:9-50
	android:roundIcon
		ADDED from src\main\AndroidManifest.xml:21:9-48
	android:icon
		ADDED from src\main\AndroidManifest.xml:19:9-43
	android:allowBackup
		ADDED from src\main\AndroidManifest.xml:18:9-35
	android:theme
		ADDED from src\main\AndroidManifest.xml:22:9-40
	android:name
		ADDED from src\main\AndroidManifest.xml:17:9-28
activity#com.simplemobiletools.clock.activities.SplashActivity
ADDED from src\main\AndroidManifest.xml:24:9-38:20
	android:launchMode
		ADDED from src\main\AndroidManifest.xml:26:13-44
	android:theme
		ADDED from src\main\AndroidManifest.xml:27:13-47
	android:name
		ADDED from src\main\AndroidManifest.xml:25:13-54
intent-filter#action:name:android.intent.action.MAIN+category:name:android.intent.category.LAUNCHER
ADDED from src\main\AndroidManifest.xml:28:13-32:29
action#android.intent.action.MAIN
ADDED from src\main\AndroidManifest.xml:29:17-68
	android:name
		ADDED from src\main\AndroidManifest.xml:29:25-66
category#android.intent.category.LAUNCHER
ADDED from src\main\AndroidManifest.xml:31:17-76
	android:name
		ADDED from src\main\AndroidManifest.xml:31:27-74
intent-filter#action:name:android.intent.action.SHOW_ALARMS+category:name:android.intent.category.DEFAULT
ADDED from src\main\AndroidManifest.xml:34:13-37:29
action#android.intent.action.SHOW_ALARMS
ADDED from src\main\AndroidManifest.xml:35:17-75
	android:name
		ADDED from src\main\AndroidManifest.xml:35:25-73
category#android.intent.category.DEFAULT
ADDED from src\main\AndroidManifest.xml:36:17-75
	android:name
		ADDED from src\main\AndroidManifest.xml:36:27-73
activity#com.simplemobiletools.clock.activities.MainActivity
ADDED from src\main\AndroidManifest.xml:40:9-42:46
	android:launchMode
		ADDED from src\main\AndroidManifest.xml:42:13-44
	android:name
		ADDED from src\main\AndroidManifest.xml:41:13-52
activity#com.simplemobiletools.clock.activities.ReminderActivity
ADDED from src\main\AndroidManifest.xml:44:9-46:46
	android:launchMode
		ADDED from src\main\AndroidManifest.xml:46:13-44
	android:name
		ADDED from src\main\AndroidManifest.xml:45:13-56
activity#com.simplemobiletools.clock.activities.SettingsActivity
ADDED from src\main\AndroidManifest.xml:48:9-51:68
	android:parentActivityName
		ADDED from src\main\AndroidManifest.xml:51:13-66
	android:label
		ADDED from src\main\AndroidManifest.xml:50:13-45
	android:name
		ADDED from src\main\AndroidManifest.xml:49:13-56
activity#com.simplemobiletools.commons.activities.AboutActivity
ADDED from src\main\AndroidManifest.xml:53:9-56:68
	android:parentActivityName
		ADDED from src\main\AndroidManifest.xml:56:13-66
	android:label
		ADDED from src\main\AndroidManifest.xml:55:13-42
	android:name
		ADDED from src\main\AndroidManifest.xml:54:13-82
activity#com.simplemobiletools.commons.activities.LicenseActivity
ADDED from src\main\AndroidManifest.xml:58:9-61:98
	android:parentActivityName
		ADDED from src\main\AndroidManifest.xml:61:13-96
	android:label
		ADDED from src\main\AndroidManifest.xml:60:13-57
	android:name
		ADDED from src\main\AndroidManifest.xml:59:13-84
activity#com.simplemobiletools.commons.activities.CustomizationActivity
ADDED from src\main\AndroidManifest.xml:63:9-66:72
	android:parentActivityName
		ADDED from src\main\AndroidManifest.xml:66:13-70
	android:label
		ADDED from src\main\AndroidManifest.xml:65:13-53
	android:name
		ADDED from src\main\AndroidManifest.xml:64:13-90
activity#com.simplemobiletools.commons.activities.FAQActivity
ADDED from src\main\AndroidManifest.xml:68:9-71:98
	android:parentActivityName
		ADDED from src\main\AndroidManifest.xml:71:13-96
	android:label
		ADDED from src\main\AndroidManifest.xml:70:13-63
	android:name
		ADDED from src\main\AndroidManifest.xml:69:13-80
activity#com.simplemobiletools.clock.activities.SnoozeReminderActivity
ADDED from src\main\AndroidManifest.xml:73:9-75:55
	android:theme
		ADDED from src\main\AndroidManifest.xml:75:13-53
	android:name
		ADDED from src\main\AndroidManifest.xml:74:13-62
activity#com.simplemobiletools.clock.activities.WidgetDateTimeConfigureActivity
ADDED from src\main\AndroidManifest.xml:77:9-83:20
	android:theme
		ADDED from src\main\AndroidManifest.xml:79:13-55
	android:name
		ADDED from src\main\AndroidManifest.xml:78:13-71
intent-filter#action:name:android.appwidget.action.APPWIDGET_CONFIGURE
ADDED from src\main\AndroidManifest.xml:80:13-82:29
action#android.appwidget.action.APPWIDGET_CONFIGURE
ADDED from src\main\AndroidManifest.xml:81:17-86
	android:name
		ADDED from src\main\AndroidManifest.xml:81:25-84
service#com.simplemobiletools.clock.services.SnoozeService
ADDED from src\main\AndroidManifest.xml:85:9-58
	android:name
		ADDED from src\main\AndroidManifest.xml:85:18-56
receiver#com.simplemobiletools.clock.receivers.AlarmReceiver
ADDED from src\main\AndroidManifest.xml:87:9-60
	android:name
		ADDED from src\main\AndroidManifest.xml:87:19-58
receiver#com.simplemobiletools.clock.receivers.HideTimerReceiver
ADDED from src\main\AndroidManifest.xml:89:9-64
	android:name
		ADDED from src\main\AndroidManifest.xml:89:19-62
receiver#com.simplemobiletools.clock.receivers.HideAlarmReceiver
ADDED from src\main\AndroidManifest.xml:91:9-64
	android:name
		ADDED from src\main\AndroidManifest.xml:91:19-62
receiver#com.simplemobiletools.clock.receivers.DateTimeWidgetUpdateReceiver
ADDED from src\main\AndroidManifest.xml:93:9-75
	android:name
		ADDED from src\main\AndroidManifest.xml:93:19-73
receiver#com.simplemobiletools.clock.receivers.BootCompletedReceiver
ADDED from src\main\AndroidManifest.xml:95:9-101:20
	android:name
		ADDED from src\main\AndroidManifest.xml:95:19-66
intent-filter#action:name:android.intent.action.BOOT_COMPLETED+action:name:android.intent.action.QUICKBOOT_POWERON+action:name:com.htc.intent.action.QUICKBOOT_POWERON
ADDED from src\main\AndroidManifest.xml:96:13-100:29
action#android.intent.action.BOOT_COMPLETED
ADDED from src\main\AndroidManifest.xml:97:17-78
	android:name
		ADDED from src\main\AndroidManifest.xml:97:25-76
action#android.intent.action.QUICKBOOT_POWERON
ADDED from src\main\AndroidManifest.xml:98:17-81
	android:name
		ADDED from src\main\AndroidManifest.xml:98:25-79
action#com.htc.intent.action.QUICKBOOT_POWERON
ADDED from src\main\AndroidManifest.xml:99:17-81
	android:name
		ADDED from src\main\AndroidManifest.xml:99:25-79
receiver#com.simplemobiletools.clock.helpers.MyWidgetDateTimeProvider
ADDED from src\main\AndroidManifest.xml:103:9-114:20
	android:label
		ADDED from src\main\AndroidManifest.xml:105:13-51
	android:name
		ADDED from src\main\AndroidManifest.xml:104:13-61
intent-filter#action:name:android.appwidget.action.APPWIDGET_ENABLED+action:name:android.appwidget.action.APPWIDGET_UPDATE
ADDED from src\main\AndroidManifest.xml:106:13-109:29
action#android.appwidget.action.APPWIDGET_UPDATE
ADDED from src\main\AndroidManifest.xml:107:17-83
	android:name
		ADDED from src\main\AndroidManifest.xml:107:25-81
action#android.appwidget.action.APPWIDGET_ENABLED
ADDED from src\main\AndroidManifest.xml:108:17-84
	android:name
		ADDED from src\main\AndroidManifest.xml:108:25-82
meta-data#android.appwidget.provider
ADDED from src\main\AndroidManifest.xml:111:13-113:64
	android:resource
		ADDED from src\main\AndroidManifest.xml:113:17-62
	android:name
		ADDED from src\main\AndroidManifest.xml:112:17-58
receiver#com.simplemobiletools.clock.receivers.UpdateWidgetReceiver
ADDED from src\main\AndroidManifest.xml:116:9-122:20
	android:name
		ADDED from src\main\AndroidManifest.xml:116:19-65
intent-filter#action:name:android.app.action.NEXT_ALARM_CLOCK_CHANGED+action:name:android.intent.action.TIMEZONE_CHANGED+action:name:android.intent.action.TIME_SET
ADDED from src\main\AndroidManifest.xml:117:13-121:29
action#android.intent.action.TIME_SET
ADDED from src\main\AndroidManifest.xml:118:17-72
	android:name
		ADDED from src\main\AndroidManifest.xml:118:25-70
action#android.intent.action.TIMEZONE_CHANGED
ADDED from src\main\AndroidManifest.xml:119:17-80
	android:name
		ADDED from src\main\AndroidManifest.xml:119:25-78
action#android.app.action.NEXT_ALARM_CLOCK_CHANGED
ADDED from src\main\AndroidManifest.xml:120:17-85
	android:name
		ADDED from src\main\AndroidManifest.xml:120:25-83
activity-alias#com.simplemobiletools.clock.activities.SplashActivity
ADDED from src\main\AndroidManifest.xml:125:9-135:26
	android:enabled
		ADDED from src\main\AndroidManifest.xml:127:13-35
	android:targetActivity
		ADDED from src\main\AndroidManifest.xml:130:13-64
	android:roundIcon
		ADDED from src\main\AndroidManifest.xml:129:13-52
	android:icon
		ADDED from src\main\AndroidManifest.xml:128:13-47
	android:name
		ADDED from src\main\AndroidManifest.xml:126:13-54
activity-alias#com.simplemobiletools.clock.activities.SplashActivity.Red
ADDED from src\main\AndroidManifest.xml:137:9-148:26
	android:enabled
		ADDED from src\main\AndroidManifest.xml:139:13-36
	android:targetActivity
		ADDED from src\main\AndroidManifest.xml:142:13-64
	android:roundIcon
		ADDED from src\main\AndroidManifest.xml:141:13-56
	android:icon
		ADDED from src\main\AndroidManifest.xml:140:13-51
	android:name
		ADDED from src\main\AndroidManifest.xml:138:13-58
activity-alias#com.simplemobiletools.clock.activities.SplashActivity.Pink
ADDED from src\main\AndroidManifest.xml:150:9-161:26
	android:enabled
		ADDED from src\main\AndroidManifest.xml:152:13-36
	android:targetActivity
		ADDED from src\main\AndroidManifest.xml:155:13-64
	android:roundIcon
		ADDED from src\main\AndroidManifest.xml:154:13-57
	android:icon
		ADDED from src\main\AndroidManifest.xml:153:13-52
	android:name
		ADDED from src\main\AndroidManifest.xml:151:13-59
activity-alias#com.simplemobiletools.clock.activities.SplashActivity.Purple
ADDED from src\main\AndroidManifest.xml:163:9-174:26
	android:enabled
		ADDED from src\main\AndroidManifest.xml:165:13-36
	android:targetActivity
		ADDED from src\main\AndroidManifest.xml:168:13-64
	android:roundIcon
		ADDED from src\main\AndroidManifest.xml:167:13-59
	android:icon
		ADDED from src\main\AndroidManifest.xml:166:13-54
	android:name
		ADDED from src\main\AndroidManifest.xml:164:13-61
activity-alias#com.simplemobiletools.clock.activities.SplashActivity.Deep_purple
ADDED from src\main\AndroidManifest.xml:176:9-187:26
	android:enabled
		ADDED from src\main\AndroidManifest.xml:178:13-36
	android:targetActivity
		ADDED from src\main\AndroidManifest.xml:181:13-64
	android:roundIcon
		ADDED from src\main\AndroidManifest.xml:180:13-64
	android:icon
		ADDED from src\main\AndroidManifest.xml:179:13-59
	android:name
		ADDED from src\main\AndroidManifest.xml:177:13-66
activity-alias#com.simplemobiletools.clock.activities.SplashActivity.Indigo
ADDED from src\main\AndroidManifest.xml:189:9-200:26
	android:enabled
		ADDED from src\main\AndroidManifest.xml:191:13-36
	android:targetActivity
		ADDED from src\main\AndroidManifest.xml:194:13-64
	android:roundIcon
		ADDED from src\main\AndroidManifest.xml:193:13-59
	android:icon
		ADDED from src\main\AndroidManifest.xml:192:13-54
	android:name
		ADDED from src\main\AndroidManifest.xml:190:13-61
activity-alias#com.simplemobiletools.clock.activities.SplashActivity.Blue
ADDED from src\main\AndroidManifest.xml:202:9-213:26
	android:enabled
		ADDED from src\main\AndroidManifest.xml:204:13-36
	android:targetActivity
		ADDED from src\main\AndroidManifest.xml:207:13-64
	android:roundIcon
		ADDED from src\main\AndroidManifest.xml:206:13-57
	android:icon
		ADDED from src\main\AndroidManifest.xml:205:13-52
	android:name
		ADDED from src\main\AndroidManifest.xml:203:13-59
activity-alias#com.simplemobiletools.clock.activities.SplashActivity.Light_blue
ADDED from src\main\AndroidManifest.xml:215:9-226:26
	android:enabled
		ADDED from src\main\AndroidManifest.xml:217:13-36
	android:targetActivity
		ADDED from src\main\AndroidManifest.xml:220:13-64
	android:roundIcon
		ADDED from src\main\AndroidManifest.xml:219:13-63
	android:icon
		ADDED from src\main\AndroidManifest.xml:218:13-58
	android:name
		ADDED from src\main\AndroidManifest.xml:216:13-65
activity-alias#com.simplemobiletools.clock.activities.SplashActivity.Cyan
ADDED from src\main\AndroidManifest.xml:228:9-239:26
	android:enabled
		ADDED from src\main\AndroidManifest.xml:230:13-36
	android:targetActivity
		ADDED from src\main\AndroidManifest.xml:233:13-64
	android:roundIcon
		ADDED from src\main\AndroidManifest.xml:232:13-57
	android:icon
		ADDED from src\main\AndroidManifest.xml:231:13-52
	android:name
		ADDED from src\main\AndroidManifest.xml:229:13-59
activity-alias#com.simplemobiletools.clock.activities.SplashActivity.Teal
ADDED from src\main\AndroidManifest.xml:241:9-252:26
	android:enabled
		ADDED from src\main\AndroidManifest.xml:243:13-36
	android:targetActivity
		ADDED from src\main\AndroidManifest.xml:246:13-64
	android:roundIcon
		ADDED from src\main\AndroidManifest.xml:245:13-57
	android:icon
		ADDED from src\main\AndroidManifest.xml:244:13-52
	android:name
		ADDED from src\main\AndroidManifest.xml:242:13-59
activity-alias#com.simplemobiletools.clock.activities.SplashActivity.Green
ADDED from src\main\AndroidManifest.xml:254:9-265:26
	android:enabled
		ADDED from src\main\AndroidManifest.xml:256:13-36
	android:targetActivity
		ADDED from src\main\AndroidManifest.xml:259:13-64
	android:roundIcon
		ADDED from src\main\AndroidManifest.xml:258:13-58
	android:icon
		ADDED from src\main\AndroidManifest.xml:257:13-53
	android:name
		ADDED from src\main\AndroidManifest.xml:255:13-60
activity-alias#com.simplemobiletools.clock.activities.SplashActivity.Light_green
ADDED from src\main\AndroidManifest.xml:267:9-278:26
	android:enabled
		ADDED from src\main\AndroidManifest.xml:269:13-36
	android:targetActivity
		ADDED from src\main\AndroidManifest.xml:272:13-64
	android:roundIcon
		ADDED from src\main\AndroidManifest.xml:271:13-64
	android:icon
		ADDED from src\main\AndroidManifest.xml:270:13-59
	android:name
		ADDED from src\main\AndroidManifest.xml:268:13-66
activity-alias#com.simplemobiletools.clock.activities.SplashActivity.Lime
ADDED from src\main\AndroidManifest.xml:280:9-291:26
	android:enabled
		ADDED from src\main\AndroidManifest.xml:282:13-36
	android:targetActivity
		ADDED from src\main\AndroidManifest.xml:285:13-64
	android:roundIcon
		ADDED from src\main\AndroidManifest.xml:284:13-57
	android:icon
		ADDED from src\main\AndroidManifest.xml:283:13-52
	android:name
		ADDED from src\main\AndroidManifest.xml:281:13-59
activity-alias#com.simplemobiletools.clock.activities.SplashActivity.Yellow
ADDED from src\main\AndroidManifest.xml:293:9-304:26
	android:enabled
		ADDED from src\main\AndroidManifest.xml:295:13-36
	android:targetActivity
		ADDED from src\main\AndroidManifest.xml:298:13-64
	android:roundIcon
		ADDED from src\main\AndroidManifest.xml:297:13-59
	android:icon
		ADDED from src\main\AndroidManifest.xml:296:13-54
	android:name
		ADDED from src\main\AndroidManifest.xml:294:13-61
activity-alias#com.simplemobiletools.clock.activities.SplashActivity.Amber
ADDED from src\main\AndroidManifest.xml:306:9-317:26
	android:enabled
		ADDED from src\main\AndroidManifest.xml:308:13-36
	android:targetActivity
		ADDED from src\main\AndroidManifest.xml:311:13-64
	android:roundIcon
		ADDED from src\main\AndroidManifest.xml:310:13-58
	android:icon
		ADDED from src\main\AndroidManifest.xml:309:13-53
	android:name
		ADDED from src\main\AndroidManifest.xml:307:13-60
activity-alias#com.simplemobiletools.clock.activities.SplashActivity.Deep_orange
ADDED from src\main\AndroidManifest.xml:319:9-330:26
	android:enabled
		ADDED from src\main\AndroidManifest.xml:321:13-36
	android:targetActivity
		ADDED from src\main\AndroidManifest.xml:324:13-64
	android:roundIcon
		ADDED from src\main\AndroidManifest.xml:323:13-64
	android:icon
		ADDED from src\main\AndroidManifest.xml:322:13-59
	android:name
		ADDED from src\main\AndroidManifest.xml:320:13-66
activity-alias#com.simplemobiletools.clock.activities.SplashActivity.Brown
ADDED from src\main\AndroidManifest.xml:332:9-343:26
	android:enabled
		ADDED from src\main\AndroidManifest.xml:334:13-36
	android:targetActivity
		ADDED from src\main\AndroidManifest.xml:337:13-64
	android:roundIcon
		ADDED from src\main\AndroidManifest.xml:336:13-58
	android:icon
		ADDED from src\main\AndroidManifest.xml:335:13-53
	android:name
		ADDED from src\main\AndroidManifest.xml:333:13-60
activity-alias#com.simplemobiletools.clock.activities.SplashActivity.Blue_grey
ADDED from src\main\AndroidManifest.xml:345:9-356:26
	android:enabled
		ADDED from src\main\AndroidManifest.xml:347:13-36
	android:targetActivity
		ADDED from src\main\AndroidManifest.xml:350:13-64
	android:roundIcon
		ADDED from src\main\AndroidManifest.xml:349:13-62
	android:icon
		ADDED from src\main\AndroidManifest.xml:348:13-57
	android:name
		ADDED from src\main\AndroidManifest.xml:346:13-64
activity-alias#com.simplemobiletools.clock.activities.SplashActivity.Grey_black
ADDED from src\main\AndroidManifest.xml:358:9-369:26
	android:enabled
		ADDED from src\main\AndroidManifest.xml:360:13-36
	android:targetActivity
		ADDED from src\main\AndroidManifest.xml:363:13-64
	android:roundIcon
		ADDED from src\main\AndroidManifest.xml:362:13-63
	android:icon
		ADDED from src\main\AndroidManifest.xml:361:13-58
	android:name
		ADDED from src\main\AndroidManifest.xml:359:13-65
uses-sdk
INJECTED from src\main\AndroidManifest.xml reason: use-sdk injection requested
INJECTED from src\main\AndroidManifest.xml
INJECTED from src\main\AndroidManifest.xml
MERGED from [com.simplemobiletools:commons:4.1.4] AndroidManifest.xml:7:5-9:41
MERGED from [com.simplemobiletools:commons:4.1.4] AndroidManifest.xml:7:5-9:41
MERGED from [com.facebook.stetho:stetho:1.5.0] AndroidManifest.xml:7:5-9:41
MERGED from [com.facebook.stetho:stetho:1.5.0] AndroidManifest.xml:7:5-9:41
MERGED from [com.android.support.constraint:constraint-layout:1.1.0] AndroidManifest.xml:5:5-7:41
MERGED from [com.android.support.constraint:constraint-layout:1.1.0] AndroidManifest.xml:5:5-7:41
MERGED from [com.shawnlin:number-picker:2.4.6] AndroidManifest.xml:7:5-9:41
MERGED from [com.shawnlin:number-picker:2.4.6] AndroidManifest.xml:7:5-9:41
MERGED from [com.android.support:design:27.1.1] AndroidManifest.xml:20:5-44
MERGED from [com.android.support:design:27.1.1] AndroidManifest.xml:20:5-44
MERGED from [com.andrognito.patternlockview:patternlockview:1.0.0] AndroidManifest.xml:8:5-10:41
MERGED from [com.andrognito.patternlockview:patternlockview:1.0.0] AndroidManifest.xml:8:5-10:41
MERGED from [com.bignerdranch.android:recyclerview-multiselect:0.2] AndroidManifest.xml:5:5-7:41
MERGED from [com.bignerdranch.android:recyclerview-multiselect:0.2] AndroidManifest.xml:5:5-7:41
MERGED from [com.android.support:appcompat-v7:27.1.1] AndroidManifest.xml:20:5-44
MERGED from [com.android.support:appcompat-v7:27.1.1] AndroidManifest.xml:20:5-44
MERGED from [com.github.ajalt.reprint:core:3.2.1] AndroidManifest.xml:7:5-44
MERGED from [com.github.ajalt.reprint:core:3.2.1] AndroidManifest.xml:7:5-44
MERGED from [com.github.bumptech.glide:glide:4.7.1] AndroidManifest.xml:7:5-9:41
MERGED from [com.github.bumptech.glide:glide:4.7.1] AndroidManifest.xml:7:5-9:41
MERGED from [com.booking:rtlviewpager:1.0.1] AndroidManifest.xml:8:5-10:41
MERGED from [com.booking:rtlviewpager:1.0.1] AndroidManifest.xml:8:5-10:41
MERGED from [com.android.support:support-v4:27.1.1] AndroidManifest.xml:20:5-44
MERGED from [com.android.support:support-v4:27.1.1] AndroidManifest.xml:20:5-44
MERGED from [com.android.support:recyclerview-v7:27.1.1] AndroidManifest.xml:20:5-44
MERGED from [com.android.support:recyclerview-v7:27.1.1] AndroidManifest.xml:20:5-44
MERGED from [com.android.support:transition:27.1.1] AndroidManifest.xml:20:5-44
MERGED from [com.android.support:transition:27.1.1] AndroidManifest.xml:20:5-44
MERGED from [com.github.bumptech.glide:gifdecoder:4.7.1] AndroidManifest.xml:5:5-7:41
MERGED from [com.github.bumptech.glide:gifdecoder:4.7.1] AndroidManifest.xml:5:5-7:41
MERGED from [com.android.support:support-fragment:27.1.1] AndroidManifest.xml:20:5-44
MERGED from [com.android.support:support-fragment:27.1.1] AndroidManifest.xml:20:5-44
MERGED from [com.android.support:animated-vector-drawable:27.1.1] AndroidManifest.xml:20:5-44
MERGED from [com.android.support:animated-vector-drawable:27.1.1] AndroidManifest.xml:20:5-44
MERGED from [com.android.support:support-core-ui:27.1.1] AndroidManifest.xml:20:5-44
MERGED from [com.android.support:support-core-ui:27.1.1] AndroidManifest.xml:20:5-44
MERGED from [com.android.support:support-core-utils:27.1.1] AndroidManifest.xml:20:5-44
MERGED from [com.android.support:support-core-utils:27.1.1] AndroidManifest.xml:20:5-44
MERGED from [com.android.support:support-vector-drawable:27.1.1] AndroidManifest.xml:20:5-44
MERGED from [com.android.support:support-vector-drawable:27.1.1] AndroidManifest.xml:20:5-44
MERGED from [com.android.support:support-media-compat:27.1.1] AndroidManifest.xml:20:5-44
MERGED from [com.android.support:support-media-compat:27.1.1] AndroidManifest.xml:20:5-44
MERGED from [com.android.support:support-compat:27.1.1] AndroidManifest.xml:20:5-44
MERGED from [com.android.support:support-compat:27.1.1] AndroidManifest.xml:20:5-44
MERGED from [android.arch.lifecycle:livedata-core:1.1.0] AndroidManifest.xml:20:5-44
MERGED from [android.arch.lifecycle:livedata-core:1.1.0] AndroidManifest.xml:20:5-44
MERGED from [android.arch.lifecycle:viewmodel:1.1.0] AndroidManifest.xml:20:5-44
MERGED from [android.arch.lifecycle:viewmodel:1.1.0] AndroidManifest.xml:20:5-44
MERGED from [android.arch.lifecycle:runtime:1.1.0] AndroidManifest.xml:20:5-44
MERGED from [android.arch.lifecycle:runtime:1.1.0] AndroidManifest.xml:20:5-44
MERGED from [android.arch.core:runtime:1.1.0] AndroidManifest.xml:20:5-44
MERGED from [android.arch.core:runtime:1.1.0] AndroidManifest.xml:20:5-44
INJECTED from src\main\AndroidManifest.xml
INJECTED from src\main\AndroidManifest.xml
	android:targetSdkVersion
		INJECTED from src\main\AndroidManifest.xml
		ADDED from src\main\AndroidManifest.xml
		INJECTED from src\main\AndroidManifest.xml
	android:minSdkVersion
		INJECTED from src\main\AndroidManifest.xml
		ADDED from src\main\AndroidManifest.xml
		INJECTED from src\main\AndroidManifest.xml
receiver#com.simplemobiletools.commons.receivers.SharedThemeReceiver
ADDED from [com.simplemobiletools:commons:4.1.4] AndroidManifest.xml:12:9-19:20
	android:exported
		ADDED from [com.simplemobiletools:commons:4.1.4] AndroidManifest.xml:14:13-36
	android:name
		ADDED from [com.simplemobiletools:commons:4.1.4] AndroidManifest.xml:13:13-87
intent-filter#action:name:com.simplemobiletools.commons.SHARED_THEME_ACTIVATED+action:name:com.simplemobiletools.commons.SHARED_THEME_UPDATED
ADDED from [com.simplemobiletools:commons:4.1.4] AndroidManifest.xml:15:13-18:29
action#com.simplemobiletools.commons.SHARED_THEME_ACTIVATED
ADDED from [com.simplemobiletools:commons:4.1.4] AndroidManifest.xml:16:17-95
	android:name
		ADDED from [com.simplemobiletools:commons:4.1.4] AndroidManifest.xml:16:25-92
action#com.simplemobiletools.commons.SHARED_THEME_UPDATED
ADDED from [com.simplemobiletools:commons:4.1.4] AndroidManifest.xml:17:17-93
	android:name
		ADDED from [com.simplemobiletools:commons:4.1.4] AndroidManifest.xml:17:25-90